<<<<<<< HEAD
FCI gs energy -1.581139 
FCI gs wfn 
000 0.371748034460 -0.000000000000 I 
010 -0.601500955008 0.000000000000 I 
100 -0.601500955008 0.000000000000 I 
110 0.371748034460 0.000000000000 I 
FCI ITE
0.000000 0.707107 1.000000 0.822593 
0.500000 -0.775715 1.401559 0.979675 
1.000000 -1.485132 0.222914 0.998018 
1.500000 -1.571905 0.021591 0.999804 
2.000000 -1.580236 0.002089 0.999980 
=======
FCI gs energy -1.000000 
FCI gs wfn 
0 0.382683432365 0.000000000000 I 
1 -0.923879532511 0.000000000000 I 
FCI ITE
0.000000 0.707107 0.500000 0.747687 
0.500000 -0.118073 0.986059 0.950550 
1.000000 -0.807091 0.348605 0.992854 
1.500000 -0.971517 0.056155 0.999024 
2.000000 -0.996097 0.007790 0.999868 
>>>>>>> 425b841fb7aeeefea63c0d280af40505978ab1cc
FCI ITE gs wfn 
