<<<<<<< HEAD
FCI gs energy -0.707107 
FCI gs wfn 
0 -0.707106781187 0.000000000000 I 
1 0.707106781187 0.000000000000 I 
QITE
0.000000 0.000000 0.500000 0.707107 
0.500000 -0.423978 0.320242 0.894314 
1.000000 -0.624779 0.109651 0.970456 
1.500000 -0.686066 0.029313 0.992533 
2.000000 -0.701927 0.007299 0.998167 
QITE gs wfn 
0 0.727924928710 0.000000000000 I 
1 -0.685656837027 0.000000000000 I 
=======
FCI gs energy -1.000000 
FCI gs wfn 
0 -0.382683432365 0.000000000000 I 
1 0.923879532511 0.000000000000 I 
QITE
0.000000 0.707107 0.500000 0.382683 
0.500000 -0.087792 0.992292 0.737493 
1.000000 -0.781481 0.389287 0.943791 
1.500000 -0.966570 0.065742 0.991607 
2.000000 -0.995392 0.009195 0.998847 
QITE gs wfn 
0 0.398958290178 0.000000000000 I 
1 -0.916969074014 0.000000000000 I 
>>>>>>> 425b841fb7aeeefea63c0d280af40505978ab1cc
